<?xml version="1.0" encoding="UTF-8"?>
<testng-results ignored="0" total="4" passed="3" failed="1" skipped="0">
  <reporter-output>
  </reporter-output>
  <suite started-at="2021-11-08T01:38:50 IST" name="Suite" finished-at="2021-11-08T01:39:49 IST" duration-ms="59748">
    <groups>
    </groups>
    <test started-at="2021-11-08T01:38:50 IST" name="ValidateNavigationBar" finished-at="2021-11-08T01:39:41 IST" duration-ms="51675">
      <class name="FrameWork.ValidateNavigationBar">
        <test-method is-config="true" signature="Initialize()[pri:0, instance:FrameWork.ValidateNavigationBar@5167f57d]" started-at="2021-11-08T01:38:50 IST" name="Initialize" finished-at="2021-11-08T01:39:38 IST" duration-ms="48217" status="PASS">
          <reporter-output>
          </reporter-output>
        </test-method> <!-- Initialize -->
        <test-method signature="ValidateNavigationBar()[pri:0, instance:FrameWork.ValidateNavigationBar@5167f57d]" started-at="2021-11-08T01:39:38 IST" name="ValidateNavigationBar" finished-at="2021-11-08T01:39:39 IST" duration-ms="703" status="PASS">
          <reporter-output>
          </reporter-output>
        </test-method> <!-- ValidateNavigationBar -->
        <test-method is-config="true" signature="teardown()[pri:0, instance:FrameWork.ValidateNavigationBar@5167f57d]" started-at="2021-11-08T01:39:39 IST" name="teardown" finished-at="2021-11-08T01:39:41 IST" duration-ms="2694" status="PASS">
          <reporter-output>
          </reporter-output>
        </test-method> <!-- teardown -->
      </class> <!-- FrameWork.ValidateNavigationBar -->
    </test> <!-- ValidateNavigationBar -->
    <test started-at="2021-11-08T01:38:50 IST" name="ValidateTitle" finished-at="2021-11-08T01:39:46 IST" duration-ms="56580">
      <class name="FrameWork.ValidateTitle">
        <test-method is-config="true" signature="Initialize()[pri:0, instance:FrameWork.ValidateTitle@51891008]" started-at="2021-11-08T01:38:50 IST" name="Initialize" finished-at="2021-11-08T01:39:38 IST" duration-ms="48293" status="PASS">
          <reporter-output>
          </reporter-output>
        </test-method> <!-- Initialize -->
        <test-method signature="ValidateTitle()[pri:0, instance:FrameWork.ValidateTitle@51891008]" started-at="2021-11-08T01:39:38 IST" name="ValidateTitle" finished-at="2021-11-08T01:39:39 IST" duration-ms="758" status="FAIL">
          <exception class="java.lang.AssertionError">
            <message>
              <![CDATA[expected [FEATURED COURSES123] but found [FEATURED COURSES]]]>
            </message>
            <full-stacktrace>
              <![CDATA[java.lang.AssertionError: expected [FEATURED COURSES123] but found [FEATURED COURSES]
at org.testng.Assert.fail(Assert.java:99)
at org.testng.Assert.failNotEquals(Assert.java:1037)
at org.testng.Assert.assertEqualsImpl(Assert.java:140)
at org.testng.Assert.assertEquals(Assert.java:122)
at org.testng.Assert.assertEquals(Assert.java:629)
at org.testng.Assert.assertEquals(Assert.java:639)
at FrameWork.ValidateTitle.ValidateTitle(ValidateTitle.java:45)
at java.base/jdk.internal.reflect.NativeMethodAccessorImpl.invoke0(Native Method)
at java.base/jdk.internal.reflect.NativeMethodAccessorImpl.invoke(NativeMethodAccessorImpl.java:77)
at java.base/jdk.internal.reflect.DelegatingMethodAccessorImpl.invoke(DelegatingMethodAccessorImpl.java:43)
at java.base/java.lang.reflect.Method.invoke(Method.java:568)
at org.testng.internal.MethodInvocationHelper.invokeMethod(MethodInvocationHelper.java:133)
at org.testng.internal.TestInvoker.invokeMethod(TestInvoker.java:598)
at org.testng.internal.TestInvoker.invokeTestMethod(TestInvoker.java:173)
at org.testng.internal.MethodRunner.runInSequence(MethodRunner.java:46)
at org.testng.internal.TestInvoker$MethodInvocationAgent.invoke(TestInvoker.java:824)
at org.testng.internal.TestInvoker.invokeTestMethods(TestInvoker.java:146)
at org.testng.internal.TestMethodWorker.invokeTestMethods(TestMethodWorker.java:146)
at org.testng.internal.TestMethodWorker.run(TestMethodWorker.java:128)
at java.base/java.util.ArrayList.forEach(ArrayList.java:1511)
at org.testng.TestRunner.privateRun(TestRunner.java:794)
at org.testng.TestRunner.run(TestRunner.java:596)
at org.testng.SuiteRunner.runTest(SuiteRunner.java:377)
at org.testng.SuiteRunner.access$000(SuiteRunner.java:28)
at org.testng.SuiteRunner$SuiteWorker.run(SuiteRunner.java:418)
at org.testng.internal.thread.ThreadUtil.lambda$execute$0(ThreadUtil.java:64)
at java.base/java.util.concurrent.FutureTask.run(FutureTask.java:264)
at java.base/java.util.concurrent.ThreadPoolExecutor.runWorker(ThreadPoolExecutor.java:1136)
at java.base/java.util.concurrent.ThreadPoolExecutor$Worker.run(ThreadPoolExecutor.java:635)
at java.base/java.lang.Thread.run(Thread.java:833)
]]>
            </full-stacktrace>
          </exception> <!-- java.lang.AssertionError -->
          <reporter-output>
          </reporter-output>
        </test-method> <!-- ValidateTitle -->
        <test-method is-config="true" signature="teardown()[pri:0, instance:FrameWork.ValidateTitle@51891008]" started-at="2021-11-08T01:39:41 IST" name="teardown" finished-at="2021-11-08T01:39:46 IST" duration-ms="5355" status="PASS">
          <reporter-output>
          </reporter-output>
        </test-method> <!-- teardown -->
      </class> <!-- FrameWork.ValidateTitle -->
    </test> <!-- ValidateTitle -->
    <test started-at="2021-11-08T01:38:50 IST" name="homepage" finished-at="2021-11-08T01:39:49 IST" duration-ms="59747">
      <class name="FrameWork.homepage">
        <test-method is-config="true" signature="Initialize()[pri:0, instance:FrameWork.homepage@74287ea3]" started-at="2021-11-08T01:38:50 IST" name="Initialize" finished-at="2021-11-08T01:39:02 IST" duration-ms="11835" status="PASS">
          <reporter-output>
          </reporter-output>
        </test-method> <!-- Initialize -->
        <test-method signature="UserAuthintication(java.lang.String,java.lang.String,java.lang.String)[pri:0, instance:FrameWork.homepage@74287ea3]" started-at="2021-11-08T01:39:02 IST" name="UserAuthintication" data-provider="getData" finished-at="2021-11-08T01:39:43 IST" duration-ms="41824" status="PASS">
          <params>
            <param index="0">
              <value>
                <![CDATA[abc@xyz.com]]>
              </value>
            </param>
            <param index="1">
              <value>
                <![CDATA[12345]]>
              </value>
            </param>
            <param index="2">
              <value>
                <![CDATA[Restricted user]]>
              </value>
            </param>
          </params>
          <reporter-output>
          </reporter-output>
        </test-method> <!-- UserAuthintication -->
        <test-method signature="UserAuthintication(java.lang.String,java.lang.String,java.lang.String)[pri:0, instance:FrameWork.homepage@74287ea3]" started-at="2021-11-08T01:39:43 IST" name="UserAuthintication" data-provider="getData" finished-at="2021-11-08T01:39:48 IST" duration-ms="4966" status="PASS">
          <params>
            <param index="0">
              <value>
                <![CDATA[def@xyz.com]]>
              </value>
            </param>
            <param index="1">
              <value>
                <![CDATA[1212]]>
              </value>
            </param>
            <param index="2">
              <value>
                <![CDATA[Non-Restricted User]]>
              </value>
            </param>
          </params>
          <reporter-output>
          </reporter-output>
        </test-method> <!-- UserAuthintication -->
        <test-method is-config="true" signature="teardown()[pri:0, instance:FrameWork.homepage@74287ea3]" started-at="2021-11-08T01:39:48 IST" name="teardown" finished-at="2021-11-08T01:39:49 IST" duration-ms="1015" status="PASS">
          <reporter-output>
          </reporter-output>
        </test-method> <!-- teardown -->
      </class> <!-- FrameWork.homepage -->
    </test> <!-- homepage -->
  </suite> <!-- Suite -->
</testng-results>
